2025-08-15 19:01:56,445 - INFO - Initiate the data ingestion
2025-08-15 19:02:36,773 - INFO - Performed train test split on the dataframe
2025-08-15 19:02:36,774 - INFO - Exited split_data_as_train_test method of Data_Ingestion class
2025-08-15 19:02:36,774 - INFO - Exporting train test file path
2025-08-15 19:02:36,828 - INFO - Exported train test
2025-08-15 19:02:36,828 - INFO - Data initiation completed
2025-08-15 19:02:36,832 - INFO - Inintiate the data validation
2025-08-15 19:02:36,910 - INFO - Required number of columns : 2
2025-08-15 19:02:36,910 - INFO - Data frame has columns: 31
2025-08-15 19:02:36,940 - INFO - Required number of columns : 2
2025-08-15 19:02:36,940 - INFO - Data frame has columns: 31
2025-08-15 19:02:37,054 - INFO - Data validation completed
2025-08-15 19:02:37,054 - INFO - data transformation started
2025-08-15 19:02:37,055 - INFO - Entered initiate_data_transformation of DataTransformation class
2025-08-15 19:02:37,055 - INFO - Starting data transformation
2025-08-15 19:02:37,078 - INFO - entered get_data_transformer_object of DataTransformation class
2025-08-15 19:02:37,078 - INFO - Initialise KNNImputer with {'missing_values': nan, 'n_neighbors': 3, 'weights': 'uniform'}
2025-08-15 19:02:37,120 - INFO - Entered the save_object method of main_utils
2025-08-15 19:02:37,123 - INFO - Exited the save_object method of main_utils
2025-08-15 19:02:37,124 - INFO - data transformation completed
2025-08-15 19:02:37,124 - INFO - Model Training started
