2025-08-13 19:41:49,097 - INFO - Initiate the data ingestion
2025-08-13 19:43:24,191 - INFO - Performed train test split on the dataframe
2025-08-13 19:43:24,191 - INFO - Exited split_data_as_train_test method of Data_Ingestion class
2025-08-13 19:43:24,191 - INFO - Exporting train test file path
2025-08-13 19:43:24,290 - INFO - Exported train test
2025-08-13 19:43:24,290 - INFO - Data initiation completed
2025-08-13 19:43:24,294 - INFO - Inintiate the data validation
2025-08-13 19:43:24,360 - INFO - Required number of columns : 2
2025-08-13 19:43:24,360 - INFO - Data frame has columns: 31
2025-08-13 19:43:24,390 - INFO - Required number of columns : 2
2025-08-13 19:43:24,390 - INFO - Data frame has columns: 31
2025-08-13 19:43:24,519 - INFO - Data validation completed
2025-08-13 19:43:24,519 - INFO - data transformation started
2025-08-13 19:43:24,519 - INFO - Entered initiate_data_transformation of DataTransformation class
2025-08-13 19:43:24,519 - INFO - Starting data transformation
2025-08-13 19:43:24,544 - INFO - entered get_data_transformer_object of DataTransformation class
2025-08-13 19:43:24,545 - INFO - Initialise KNNImputer with {'missing_values': nan, 'n_neighbors': 3, 'weights': 'uniform'}
2025-08-13 19:43:24,586 - INFO - Entered the save_object method of main_utils
2025-08-13 19:43:24,589 - INFO - Exited the save_object method of main_utils
2025-08-13 19:43:24,590 - INFO - data transformation completed
2025-08-13 19:43:24,590 - INFO - Model Training started
