2025-08-15 18:52:03,462 - INFO - Initiate the data ingestion
2025-08-15 18:53:35,212 - INFO - Performed train test split on the dataframe
2025-08-15 18:53:35,212 - INFO - Exited split_data_as_train_test method of Data_Ingestion class
2025-08-15 18:53:35,213 - INFO - Exporting train test file path
2025-08-15 18:53:35,261 - INFO - Exported train test
2025-08-15 18:53:35,262 - INFO - Data initiation completed
2025-08-15 18:53:35,266 - INFO - Inintiate the data validation
2025-08-15 18:53:35,339 - INFO - Required number of columns : 2
2025-08-15 18:53:35,339 - INFO - Data frame has columns: 31
2025-08-15 18:53:35,368 - INFO - Required number of columns : 2
2025-08-15 18:53:35,369 - INFO - Data frame has columns: 31
2025-08-15 18:53:35,493 - INFO - Data validation completed
2025-08-15 18:53:35,493 - INFO - data transformation started
2025-08-15 18:53:35,493 - INFO - Entered initiate_data_transformation of DataTransformation class
2025-08-15 18:53:35,493 - INFO - Starting data transformation
2025-08-15 18:53:35,516 - INFO - entered get_data_transformer_object of DataTransformation class
2025-08-15 18:53:35,516 - INFO - Initialise KNNImputer with {'missing_values': nan, 'n_neighbors': 3, 'weights': 'uniform'}
2025-08-15 18:53:35,561 - INFO - Entered the save_object method of main_utils
2025-08-15 18:53:35,565 - INFO - Exited the save_object method of main_utils
2025-08-15 18:53:35,566 - INFO - data transformation completed
2025-08-15 18:53:35,566 - INFO - Model Training started
