2025-08-15 18:39:32,010 - INFO - Initiate the data ingestion
2025-08-15 18:40:25,325 - INFO - Performed train test split on the dataframe
2025-08-15 18:40:25,325 - INFO - Exited split_data_as_train_test method of Data_Ingestion class
2025-08-15 18:40:25,326 - INFO - Exporting train test file path
2025-08-15 18:40:25,372 - INFO - Exported train test
2025-08-15 18:40:25,373 - INFO - Data initiation completed
2025-08-15 18:40:25,377 - INFO - Inintiate the data validation
2025-08-15 18:40:25,459 - INFO - Required number of columns : 2
2025-08-15 18:40:25,459 - INFO - Data frame has columns: 31
2025-08-15 18:40:25,488 - INFO - Required number of columns : 2
2025-08-15 18:40:25,488 - INFO - Data frame has columns: 31
2025-08-15 18:40:25,619 - INFO - Data validation completed
2025-08-15 18:40:25,620 - INFO - data transformation started
2025-08-15 18:40:25,620 - INFO - Entered initiate_data_transformation of DataTransformation class
2025-08-15 18:40:25,620 - INFO - Starting data transformation
2025-08-15 18:40:25,642 - INFO - entered get_data_transformer_object of DataTransformation class
2025-08-15 18:40:25,642 - INFO - Initialise KNNImputer with {'missing_values': nan, 'n_neighbors': 3, 'weights': 'uniform'}
2025-08-15 18:40:25,654 - INFO - Entered the save_object method of main_utils
2025-08-15 18:40:25,656 - INFO - Exited the save_object method of main_utils
2025-08-15 18:40:25,658 - INFO - data transformation completed
2025-08-15 18:40:25,658 - INFO - Model Training started
